<?xml version="1.0" encoding="UTF-8"?>
<testng-results ignored="0" total="5" passed="5" failed="0" skipped="0">
  <reporter-output>
  </reporter-output>
  <suite started-at="2026-04-20T20:20:38 IST" name="All Test Suite" finished-at="2026-04-20T20:22:51 IST" duration-ms="133680">
    <groups>
    </groups>
    <test started-at="2026-04-20T20:20:38 IST" name="TestAutomation" finished-at="2026-04-20T20:22:51 IST" duration-ms="133680">
      <class name="veeva.ipl.automation.tests.VerifySearchResultsTest">
        <test-method is-config="true" signature="openBrowser(java.lang.String)[pri:0, instance:veeva.ipl.automation.tests.VerifySearchResultsTest@26d10f2e]" started-at="2026-04-20T20:22:28 IST" name="openBrowser" finished-at="2026-04-20T20:22:42 IST" duration-ms="13650" status="PASS">
          <params>
            <param index="0">
              <value>
                <![CDATA[edge]]>
              </value>
            </param>
          </params>
          <reporter-output>
          </reporter-output>
        </test-method> <!-- openBrowser -->
        <test-method is-config="true" signature="initialize()[pri:0, instance:veeva.ipl.automation.tests.VerifySearchResultsTest@26d10f2e]" started-at="2026-04-20T20:22:42 IST" name="initialize" finished-at="2026-04-20T20:22:42 IST" duration-ms="3" status="PASS">
          <reporter-output>
          </reporter-output>
        </test-method> <!-- initialize -->
        <test-method signature="verifySearchResultsPage()[pri:0, instance:veeva.ipl.automation.tests.VerifySearchResultsTest@26d10f2e]" started-at="2026-04-20T20:22:42 IST" name="verifySearchResultsPage" finished-at="2026-04-20T20:22:47 IST" duration-ms="4538" status="PASS">
          <reporter-output>
          </reporter-output>
        </test-method> <!-- verifySearchResultsPage -->
        <test-method is-config="true" signature="tearDown()[pri:0, instance:veeva.ipl.automation.tests.VerifySearchResultsTest@26d10f2e]" started-at="2026-04-20T20:22:47 IST" name="tearDown" finished-at="2026-04-20T20:22:47 IST" duration-ms="277" status="PASS">
          <reporter-output>
          </reporter-output>
        </test-method> <!-- tearDown -->
      </class> <!-- veeva.ipl.automation.tests.VerifySearchResultsTest -->
      <class name="veeva.ipl.automation.tests.VerifyLogoAndYearsTest">
        <test-method is-config="true" signature="openBrowser(java.lang.String)[pri:0, instance:veeva.ipl.automation.tests.VerifyLogoAndYearsTest@70f43b45]" started-at="2026-04-20T20:22:07 IST" name="openBrowser" finished-at="2026-04-20T20:22:21 IST" duration-ms="14122" status="PASS">
          <params>
            <param index="0">
              <value>
                <![CDATA[edge]]>
              </value>
            </param>
          </params>
          <reporter-output>
          </reporter-output>
        </test-method> <!-- openBrowser -->
        <test-method signature="verifyLogos()[pri:0, instance:veeva.ipl.automation.tests.VerifyLogoAndYearsTest@70f43b45]" started-at="2026-04-20T20:22:21 IST" name="verifyLogos" finished-at="2026-04-20T20:22:22 IST" duration-ms="947" status="PASS">
          <reporter-output>
          </reporter-output>
        </test-method> <!-- verifyLogos -->
        <test-method is-config="true" signature="initialize()[pri:0, instance:veeva.ipl.automation.tests.VerifyLogoAndYearsTest@70f43b45]" started-at="2026-04-20T20:22:21 IST" name="initialize" finished-at="2026-04-20T20:22:21 IST" duration-ms="0" status="PASS">
          <reporter-output>
          </reporter-output>
        </test-method> <!-- initialize -->
        <test-method is-config="true" signature="tearDown()[pri:0, instance:veeva.ipl.automation.tests.VerifyLogoAndYearsTest@70f43b45]" started-at="2026-04-20T20:22:22 IST" name="tearDown" finished-at="2026-04-20T20:22:22 IST" duration-ms="283" status="PASS">
          <reporter-output>
          </reporter-output>
        </test-method> <!-- tearDown -->
        <test-method is-config="true" signature="openBrowser(java.lang.String)[pri:0, instance:veeva.ipl.automation.tests.VerifyLogoAndYearsTest@70f43b45]" started-at="2026-04-20T20:22:22 IST" name="openBrowser" finished-at="2026-04-20T20:22:26 IST" duration-ms="3136" status="PASS">
          <params>
            <param index="0">
              <value>
                <![CDATA[edge]]>
              </value>
            </param>
          </params>
          <reporter-output>
          </reporter-output>
        </test-method> <!-- openBrowser -->
        <test-method is-config="true" signature="initialize()[pri:0, instance:veeva.ipl.automation.tests.VerifyLogoAndYearsTest@70f43b45]" started-at="2026-04-20T20:22:26 IST" name="initialize" finished-at="2026-04-20T20:22:26 IST" duration-ms="1" status="PASS">
          <reporter-output>
          </reporter-output>
        </test-method> <!-- initialize -->
        <test-method signature="verifyYears()[pri:0, instance:veeva.ipl.automation.tests.VerifyLogoAndYearsTest@70f43b45]" started-at="2026-04-20T20:22:26 IST" name="verifyYears" finished-at="2026-04-20T20:22:28 IST" duration-ms="2560" status="PASS">
          <reporter-output>
          </reporter-output>
        </test-method> <!-- verifyYears -->
        <test-method is-config="true" signature="tearDown()[pri:0, instance:veeva.ipl.automation.tests.VerifyLogoAndYearsTest@70f43b45]" started-at="2026-04-20T20:22:28 IST" name="tearDown" finished-at="2026-04-20T20:22:28 IST" duration-ms="241" status="PASS">
          <reporter-output>
          </reporter-output>
        </test-method> <!-- tearDown -->
      </class> <!-- veeva.ipl.automation.tests.VerifyLogoAndYearsTest -->
      <class name="veeva.ipl.automation.tests.CheckFooterLinksUITest">
        <test-method is-config="true" signature="setupSuite()[pri:0, instance:veeva.ipl.automation.tests.CheckFooterLinksUITest@6058e535]" started-at="2026-04-20T20:20:38 IST" name="setupSuite" finished-at="2026-04-20T20:20:38 IST" duration-ms="13" status="PASS">
          <reporter-output>
          </reporter-output>
        </test-method> <!-- setupSuite -->
        <test-method is-config="true" signature="openBrowser(java.lang.String)[pri:0, instance:veeva.ipl.automation.tests.CheckFooterLinksUITest@6058e535]" started-at="2026-04-20T20:20:38 IST" name="openBrowser" finished-at="2026-04-20T20:20:53 IST" duration-ms="15223" status="PASS">
          <params>
            <param index="0">
              <value>
                <![CDATA[edge]]>
              </value>
            </param>
          </params>
          <reporter-output>
          </reporter-output>
        </test-method> <!-- openBrowser -->
        <test-method signature="checkFooterLinks()[pri:0, instance:veeva.ipl.automation.tests.CheckFooterLinksUITest@6058e535]" started-at="2026-04-20T20:20:53 IST" name="checkFooterLinks" finished-at="2026-04-20T20:22:06 IST" duration-ms="72504" status="PASS">
          <reporter-output>
          </reporter-output>
        </test-method> <!-- checkFooterLinks -->
        <test-method is-config="true" signature="initialize()[pri:0, instance:veeva.ipl.automation.tests.CheckFooterLinksUITest@6058e535]" started-at="2026-04-20T20:20:53 IST" name="initialize" finished-at="2026-04-20T20:20:53 IST" duration-ms="0" status="PASS">
          <reporter-output>
          </reporter-output>
        </test-method> <!-- initialize -->
        <test-method is-config="true" signature="tearDown()[pri:0, instance:veeva.ipl.automation.tests.CheckFooterLinksUITest@6058e535]" started-at="2026-04-20T20:22:06 IST" name="tearDown" finished-at="2026-04-20T20:22:07 IST" duration-ms="1373" status="PASS">
          <reporter-output>
          </reporter-output>
        </test-method> <!-- tearDown -->
      </class> <!-- veeva.ipl.automation.tests.CheckFooterLinksUITest -->
      <class name="veeva.ipl.automation.tests.VerifyPointsTable">
        <test-method is-config="true" signature="openBrowser(java.lang.String)[pri:0, instance:veeva.ipl.automation.tests.VerifyPointsTable@10ad20cb]" started-at="2026-04-20T20:22:47 IST" name="openBrowser" finished-at="2026-04-20T20:22:50 IST" duration-ms="3099" status="PASS">
          <params>
            <param index="0">
              <value>
                <![CDATA[edge]]>
              </value>
            </param>
          </params>
          <reporter-output>
          </reporter-output>
        </test-method> <!-- openBrowser -->
        <test-method is-config="true" signature="initialize()[pri:0, instance:veeva.ipl.automation.tests.VerifyPointsTable@10ad20cb]" started-at="2026-04-20T20:22:50 IST" name="initialize" finished-at="2026-04-20T20:22:50 IST" duration-ms="3" status="PASS">
          <reporter-output>
          </reporter-output>
        </test-method> <!-- initialize -->
        <test-method signature="verifyPointsTable()[pri:0, instance:veeva.ipl.automation.tests.VerifyPointsTable@10ad20cb]" started-at="2026-04-20T20:22:50 IST" name="verifyPointsTable" finished-at="2026-04-20T20:22:51 IST" duration-ms="1192" status="PASS">
          <reporter-output>
          </reporter-output>
        </test-method> <!-- verifyPointsTable -->
        <test-method is-config="true" signature="tearDown()[pri:0, instance:veeva.ipl.automation.tests.VerifyPointsTable@10ad20cb]" started-at="2026-04-20T20:22:51 IST" name="tearDown" finished-at="2026-04-20T20:22:51 IST" duration-ms="285" status="PASS">
          <reporter-output>
          </reporter-output>
        </test-method> <!-- tearDown -->
      </class> <!-- veeva.ipl.automation.tests.VerifyPointsTable -->
    </test> <!-- TestAutomation -->
  </suite> <!-- All Test Suite -->
</testng-results>
