<?xml version="1.0" encoding="UTF-8"?>
<!-- Generated by org.testng.reporters.JUnitXMLReporter -->
<testsuite ignored="3" hostname="Deeksha-Y-Lappy" failures="0" tests="5" name="TestAutomation" time="171.939" errors="0" timestamp="2026-04-18T20:20:23 IST">
  <testcase classname="com.automation.tests.CheckFooterLinksUITest" name="checkFooterLinks" time="91.49"/>
  <testcase classname="com.automation.tests.VerifyLogoAndYearsTest" name="verifyLogos" time="1.534"/>
  <testcase classname="com.automation.tests.VerifyLogoAndYearsTest" name="verifyYears" time="3.127"/>
  <testcase classname="com.automation.tests.VerifySearchResultsTest" name="verifySearchResultsPage" time="4.966"/>
  <testcase classname="com.automation.tests.VerifyPointsTable" name="verifyPointsTable" time="5.903"/>
  <testcase classname="com.automation.tests.BaseTest" name="@BeforeSuite setupSuite" time="0.0">
    <ignored/>
  </testcase> <!-- @BeforeSuite setupSuite -->
  <testcase classname="com.automation.tests.BaseTest" name="@BeforeSuite setupSuite" time="0.0">
    <ignored/>
  </testcase> <!-- @BeforeSuite setupSuite -->
  <testcase classname="com.automation.tests.BaseTest" name="@BeforeSuite setupSuite" time="0.0">
    <ignored/>
  </testcase> <!-- @BeforeSuite setupSuite -->
</testsuite> <!-- TestAutomation -->
