<?xml version="1.0" encoding="UTF-8"?>
<!-- Generated by org.testng.reporters.JUnitXMLReporter -->
<testsuite ignored="3" hostname="Deeksha-Y-Lappy" failures="0" tests="5" name="TestAutomation" time="13.972" errors="0" timestamp="2026-04-17T20:15:41 IST">
  <testcase classname="com.automation.tests.CheckFooterLinksUITest" name="checkFooterLinks" time="0.0">
    <skipped/>
  </testcase> <!-- checkFooterLinks -->
  <testcase classname="com.automation.tests.VerifyLogoAndYearsTest" name="verifyLogos" time="0.0">
    <skipped/>
  </testcase> <!-- verifyLogos -->
  <testcase classname="com.automation.tests.VerifyLogoAndYearsTest" name="verifyYears" time="0.0">
    <skipped/>
  </testcase> <!-- verifyYears -->
  <testcase classname="com.automation.tests.VerifySearchResultsTest" name="verifySearchResultsPage" time="0.001">
    <skipped/>
  </testcase> <!-- verifySearchResultsPage -->
  <testcase classname="com.automation.tests.VerifyPointsTable" name="verifyPointsTable" time="0.0">
    <skipped/>
  </testcase> <!-- verifyPointsTable -->
  <testcase classname="com.automation.tests.testcomponents.BaseTest" name="@BeforeSuite setupSuite" time="0.0">
    <ignored/>
  </testcase> <!-- @BeforeSuite setupSuite -->
  <testcase classname="com.automation.tests.testcomponents.BaseTest" name="@BeforeSuite setupSuite" time="0.0">
    <ignored/>
  </testcase> <!-- @BeforeSuite setupSuite -->
  <testcase classname="com.automation.tests.testcomponents.BaseTest" name="@BeforeSuite setupSuite" time="0.0">
    <ignored/>
  </testcase> <!-- @BeforeSuite setupSuite -->
</testsuite> <!-- TestAutomation -->
