<?xml version="1.0" encoding="UTF-8"?>
<!-- Generated by org.testng.reporters.JUnitXMLReporter -->
<testsuite ignored="3" hostname="Deeksha-Y-Lappy" failures="0" tests="5" name="TestAutomation" time="133.68" errors="0" timestamp="2026-04-20T20:22:52 IST">
  <testcase classname="veeva.ipl.automation.tests.CheckFooterLinksUITest" name="checkFooterLinks" time="72.504"/>
  <testcase classname="veeva.ipl.automation.tests.VerifyLogoAndYearsTest" name="verifyLogos" time="0.947"/>
  <testcase classname="veeva.ipl.automation.tests.VerifyLogoAndYearsTest" name="verifyYears" time="2.56"/>
  <testcase classname="veeva.ipl.automation.tests.VerifySearchResultsTest" name="verifySearchResultsPage" time="4.538"/>
  <testcase classname="veeva.ipl.automation.tests.VerifyPointsTable" name="verifyPointsTable" time="1.192"/>
  <testcase classname="veeva.ipl.automation.tests.BaseTest" name="@BeforeSuite setupSuite" time="0.0">
    <ignored/>
  </testcase> <!-- @BeforeSuite setupSuite -->
  <testcase classname="veeva.ipl.automation.tests.BaseTest" name="@BeforeSuite setupSuite" time="0.0">
    <ignored/>
  </testcase> <!-- @BeforeSuite setupSuite -->
  <testcase classname="veeva.ipl.automation.tests.BaseTest" name="@BeforeSuite setupSuite" time="0.0">
    <ignored/>
  </testcase> <!-- @BeforeSuite setupSuite -->
</testsuite> <!-- TestAutomation -->
