<?xml version="1.0" encoding="UTF-8"?>
<!-- Generated by org.testng.reporters.JUnitXMLReporter -->
<testsuite ignored="0" hostname="Deeksha-Y-Lappy" failures="0" tests="5" name="TestAutomation" time="127.936" errors="0" timestamp="2026-04-10T23:21:52 IST">
  <testcase classname="com.automation.tests.CheckFooterLinksUITest" name="checkFooterLinks" time="101.752"/>
  <testcase classname="com.automation.tests.VerifyLogoAndYearsTest" name="verifyLogos" time="1.047"/>
  <testcase classname="com.automation.tests.VerifyLogoAndYearsTest" name="verifyYears" time="2.539"/>
  <testcase classname="com.automation.tests.VerifySearchResultsTest" name="verifySearchResultsPage" time="4.802"/>
  <testcase classname="com.automation.tests.VerifyPointsTable" name="verifyPointsTable" time="1.349"/>
</testsuite> <!-- TestAutomation -->
