<?xml version="1.0" encoding="UTF-8"?>
<!-- Generated by org.testng.reporters.JUnitReportReporter -->
<testsuite hostname="Deeksha-Y-Lappy" failures="0" tests="4" name="com.automation.tests.VerifyLogoAndYearsTest" time="37.546" errors="0" timestamp="2026-04-18T20:20:23 IST" skipped="0">
  <testcase classname="com.automation.tests.VerifyLogoAndYearsTest" name="verifyLogos" time="16.041"/>
  <testcase classname="com.automation.tests.VerifyLogoAndYearsTest" name="verifyYears" time="9.235"/>
  <testcase classname="com.automation.tests.VerifyLogoAndYearsTest" name="verifyYears" time="7.943"/>
  <testcase classname="com.automation.tests.VerifyLogoAndYearsTest" name="verifyLogos" time="4.327"/>
</testsuite> <!-- com.automation.tests.VerifyLogoAndYearsTest -->
