<?xml version="1.0" encoding="UTF-8"?>
<!-- Generated by org.testng.reporters.JUnitReportReporter -->
<testsuite hostname="Deeksha-Y-Lappy" failures="0" tests="2" name="veeva.ipl.automation.tests.VerifyLogoAndYearsTest" time="21.290" errors="0" timestamp="2026-04-20T20:22:52 IST" skipped="0">
  <testcase classname="veeva.ipl.automation.tests.VerifyLogoAndYearsTest" name="verifyLogos" time="4.367"/>
  <testcase classname="veeva.ipl.automation.tests.VerifyLogoAndYearsTest" name="verifyYears" time="16.923"/>
</testsuite> <!-- veeva.ipl.automation.tests.VerifyLogoAndYearsTest -->
