<?xml version="1.0" encoding="UTF-8"?>
<!-- Generated by org.testng.reporters.JUnitReportReporter -->
<testsuite hostname="Deeksha-Y-Lappy" failures="0" tests="2" name="com.automation.tests.VerifySearchResultsTest" time="30.085" errors="0" timestamp="2026-04-18T20:20:23 IST" skipped="0">
  <testcase classname="com.automation.tests.VerifySearchResultsTest" name="verifySearchResultsPage" time="9.172"/>
  <testcase classname="com.automation.tests.VerifySearchResultsTest" name="verifySearchResultsPage" time="20.913"/>
</testsuite> <!-- com.automation.tests.VerifySearchResultsTest -->
