<?xml version="1.0" encoding="UTF-8"?>
<!-- Generated by org.testng.reporters.JUnitReportReporter -->
<testsuite hostname="Deeksha-Y-Lappy" failures="0" tests="2" name="com.automation.tests.VerifySearchResultsTest" time="14.129" errors="0" timestamp="2026-04-10T23:24:09 IST" skipped="0">
  <testcase classname="com.automation.tests.VerifySearchResultsTest" name="verifySearchResultsPage" time="7.579"/>
  <testcase classname="com.automation.tests.VerifySearchResultsTest" name="verifySearchResultsPage" time="6.550"/>
</testsuite> <!-- com.automation.tests.VerifySearchResultsTest -->
