<?xml version="1.0" encoding="UTF-8"?>
<!-- Generated by org.testng.reporters.JUnitReportReporter -->
<testsuite hostname="Deeksha-Y-Lappy" failures="0" tests="4" name="com.automation.tests.VerifyLogoAndYearsTest" time="18.395" errors="0" timestamp="2026-04-10T23:24:09 IST" skipped="0">
  <testcase classname="com.automation.tests.VerifyLogoAndYearsTest" name="verifyYears" time="5.148"/>
  <testcase classname="com.automation.tests.VerifyLogoAndYearsTest" name="verifyYears" time="5.646"/>
  <testcase classname="com.automation.tests.VerifyLogoAndYearsTest" name="verifyLogos" time="3.712"/>
  <testcase classname="com.automation.tests.VerifyLogoAndYearsTest" name="verifyLogos" time="3.889"/>
</testsuite> <!-- com.automation.tests.VerifyLogoAndYearsTest -->
