<?xml version="1.0" encoding="UTF-8"?>
<!-- Generated by org.testng.reporters.JUnitReportReporter -->
<testsuite hostname="Deeksha-Y-Lappy" failures="1" tests="2" name="veeva.ipl.automation.tests.VerifyLogoAndYearsTest" time="19.626" errors="0" timestamp="2026-04-20T16:18:27 IST" skipped="0">
  <testcase classname="veeva.ipl.automation.tests.VerifyLogoAndYearsTest" name="verifyYears" time="11.470">
    <failure message="Expected Actual Years differ: Lists differ at element [0]: 200 | 2011 | 2018 | 2021 | 2023 != 2010 | 2011 | 2018 | 2021 | 2023 expected [200 | 2011 | 2018 | 2021 | 2023] but found [2010 | 2011 | 2018 | 2021 | 2023]" type="java.lang.AssertionError">
      <![CDATA[java.lang.AssertionError: Expected Actual Years differ: Lists differ at element [0]: 200 | 2011 | 2018 | 2021 | 2023 != 2010 | 2011 | 2018 | 2021 | 2023 expected [200 | 2011 | 2018 | 2021 | 2023] but found [2010 | 2011 | 2018 | 2021 | 2023]
at org.testng.Assert.fail(Assert.java:111)
at org.testng.Assert.failNotEquals(Assert.java:1590)
at org.testng.Assert.assertEqualsImpl(Assert.java:150)
at org.testng.Assert.assertEquals(Assert.java:1656)
at veeva.ipl.automation.tests.VerifyLogoAndYearsTest.verifyYears(VerifyLogoAndYearsTest.java:69)
at java.base/jdk.internal.reflect.DirectMethodHandleAccessor.invoke(DirectMethodHandleAccessor.java:103)
at java.base/java.lang.reflect.Method.invoke(Method.java:580)
at org.testng.internal.invokers.MethodInvocationHelper.invokeMethod(MethodInvocationHelper.java:141)
at org.testng.internal.invokers.TestInvoker.invokeMethod(TestInvoker.java:687)
at org.testng.internal.invokers.TestInvoker.invokeTestMethod(TestInvoker.java:230)
at org.testng.internal.invokers.MethodRunner.runInSequence(MethodRunner.java:63)
at org.testng.internal.invokers.TestInvoker$MethodInvocationAgent.invoke(TestInvoker.java:995)
at org.testng.internal.invokers.TestInvoker.invokeTestMethods(TestInvoker.java:203)
at org.testng.internal.invokers.TestMethodWorker.invokeTestMethods(TestMethodWorker.java:154)
at org.testng.internal.invokers.TestMethodWorker.run(TestMethodWorker.java:134)
at java.base/java.util.ArrayList.forEach(ArrayList.java:1597)
at org.testng.TestRunner.privateRun(TestRunner.java:741)
at org.testng.TestRunner.run(TestRunner.java:616)
at org.testng.SuiteRunner.runTest(SuiteRunner.java:421)
at org.testng.SuiteRunner.runSequentially(SuiteRunner.java:413)
at org.testng.SuiteRunner.privateRun(SuiteRunner.java:373)
at org.testng.SuiteRunner.run(SuiteRunner.java:312)
at org.testng.SuiteRunnerWorker.runSuite(SuiteRunnerWorker.java:52)
at org.testng.SuiteRunnerWorker.run(SuiteRunnerWorker.java:95)
at org.testng.TestNG.runSuitesSequentially(TestNG.java:1274)
at org.testng.TestNG.runSuitesLocally(TestNG.java:1208)
at org.testng.TestNG.runSuites(TestNG.java:1112)
at org.testng.TestNG.run(TestNG.java:1079)
at org.apache.maven.surefire.testng.TestNGExecutor.run(TestNGExecutor.java:308)
at org.apache.maven.surefire.testng.TestNGXmlTestSuite.execute(TestNGXmlTestSuite.java:71)
at org.apache.maven.surefire.testng.TestNGProvider.invoke(TestNGProvider.java:113)
at org.apache.maven.surefire.booter.ForkedBooter.runSuitesInProcess(ForkedBooter.java:385)
at org.apache.maven.surefire.booter.ForkedBooter.execute(ForkedBooter.java:162)
at org.apache.maven.surefire.booter.ForkedBooter.run(ForkedBooter.java:507)
at org.apache.maven.surefire.booter.ForkedBooter.main(ForkedBooter.java:495)
]]>
    </failure>
  </testcase> <!-- verifyYears -->
  <testcase classname="veeva.ipl.automation.tests.VerifyLogoAndYearsTest" name="verifyLogos" time="8.156"/>
</testsuite> <!-- veeva.ipl.automation.tests.VerifyLogoAndYearsTest -->
