<?xml version="1.0" encoding="UTF-8"?>
<!-- Generated by org.testng.reporters.JUnitReportReporter -->
<testsuite hostname="Deeksha-Y-Lappy" failures="0" tests="2" name="com.automation.tests.CheckFooterLinksUITest" time="223.130" errors="0" timestamp="2026-04-10T23:24:09 IST" skipped="0">
  <testcase classname="com.automation.tests.CheckFooterLinksUITest" name="checkFooterLinks" time="116.122"/>
  <testcase classname="com.automation.tests.CheckFooterLinksUITest" name="checkFooterLinks" time="107.008"/>
</testsuite> <!-- com.automation.tests.CheckFooterLinksUITest -->
