<?xml version="1.0" encoding="UTF-8"?>
<!-- Generated by org.testng.reporters.JUnitReportReporter -->
<testsuite hostname="Deeksha-Y-Lappy" failures="0" tests="2" name="com.automation.tests.VerifyPointsTable" time="8.460" errors="0" timestamp="2026-04-10T23:24:09 IST" skipped="0">
  <testcase classname="com.automation.tests.VerifyPointsTable" name="verifyPointsTable" time="4.164"/>
  <testcase classname="com.automation.tests.VerifyPointsTable" name="verifyPointsTable" time="4.296"/>
</testsuite> <!-- com.automation.tests.VerifyPointsTable -->
