<?xml version="1.0" encoding="UTF-8"?>
<!-- Generated by org.testng.reporters.JUnitReportReporter -->
<testsuite hostname="Deeksha-Y-Lappy" failures="0" tests="2" name="com.automation.tests.CheckFooterLinksUITest" time="196.197" errors="0" timestamp="2026-04-18T20:20:23 IST" skipped="0">
  <testcase classname="com.automation.tests.CheckFooterLinksUITest" name="checkFooterLinks" time="107.168"/>
  <testcase classname="com.automation.tests.CheckFooterLinksUITest" name="checkFooterLinks" time="89.029"/>
</testsuite> <!-- com.automation.tests.CheckFooterLinksUITest -->
