<?xml version="1.0" encoding="UTF-8"?>
<!-- Generated by org.testng.reporters.JUnitReportReporter -->
<testsuite hostname="Deeksha-Y-Lappy" failures="0" tests="2" name="com.automation.tests.VerifyPointsTable" time="25.006" errors="0" timestamp="2026-04-18T20:20:23 IST" skipped="0">
  <testcase classname="com.automation.tests.VerifyPointsTable" name="verifyPointsTable" time="6.527"/>
  <testcase classname="com.automation.tests.VerifyPointsTable" name="verifyPointsTable" time="18.479"/>
</testsuite> <!-- com.automation.tests.VerifyPointsTable -->
